[INFO] Scanning for projects...
[INFO] 
[INFO] -------< org.patrodyne.jvnet:hisrc-basicjaxb-sample-cxf-xjc-po >--------
[INFO] Building HiSrc BasicJAXB - Sample [cxf-xjc-po] 2.2.1
[INFO]   from pom.xml
[INFO] --------------------------------[ jar ]---------------------------------
[INFO] 
[INFO] --- clean:3.2.0:clean (default-clean) @ hisrc-basicjaxb-sample-cxf-xjc-po ---
[INFO] Deleting cxf-xjc/target/test-maven-assembly-it/hisrc-basicjaxb-sample-cxf-xjc-po-2.2.1/target
[INFO] 
[INFO] --- cxf-xjc:4.0.1:xsdtojava (generate-sources) @ hisrc-basicjaxb-sample-cxf-xjc-po ---
[DEBUG] Manifest: Manifest-Version: 1.0
Class-Path: /home/rick/dev/work/repos/jvnet/hisrc-basicjaxb/higher/assem
 bly/samples/cxf-xjc/target/test-maven-assembly-it/hisrc-basicjaxb-sampl
 e-cxf-xjc-po-2.2.1/target/classes file:/home/rick/.m2/repository/org/pa
 trodyne/jvnet/hisrc-basicjaxb-runtime/2.2.1/hisrc-basicjaxb-runtime-2.2
 .1.jar file:/home/rick/.m2/repository/jakarta/activation/jakarta.activa
 tion-api/2.1.3/jakarta.activation-api-2.1.3.jar file:/home/rick/.m2/rep
 ository/jakarta/xml/bind/jakarta.xml.bind-api/4.0.2/jakarta.xml.bind-ap
 i-4.0.2.jar file:/home/rick/.m2/repository/org/glassfish/jaxb/jaxb-runt
 ime/4.0.5/jaxb-runtime-4.0.5.jar file:/home/rick/.m2/repository/org/gla
 ssfish/jaxb/jaxb-core/4.0.5/jaxb-core-4.0.5.jar file:/home/rick/.m2/rep
 ository/org/glassfish/jaxb/txw2/4.0.5/txw2-4.0.5.jar file:/home/rick/.m
 2/repository/com/sun/istack/istack-commons-runtime/4.1.2/istack-commons
 -runtime-4.1.2.jar file:/home/rick/.m2/repository/commons-io/commons-io
 /2.16.0/commons-io-2.16.0.jar file:/home/rick/.m2/repository/org/slf4j/
 slf4j-api/2.0.12/slf4j-api-2.0.12.jar file:/home/rick/.m2/repository/or
 g/apache/cxf/cxf-xjc-plugin/4.0.1/cxf-xjc-plugin-4.0.1.jar file:/home/r
 ick/.m2/repository/commons-io/commons-io/2.16.0/commons-io-2.16.0.jar f
 ile:/home/rick/.m2/repository/jakarta/xml/bind/jakarta.xml.bind-api/4.0
 .2/jakarta.xml.bind-api-4.0.2.jar file:/home/rick/.m2/repository/org/gl
 assfish/jaxb/jaxb-runtime/4.0.5/jaxb-runtime-4.0.5.jar file:/home/rick/
 .m2/repository/org/glassfish/jaxb/jaxb-core/4.0.5/jaxb-core-4.0.5.jar f
 ile:/home/rick/.m2/repository/org/eclipse/angus/angus-activation/2.0.2/
 angus-activation-2.0.2.jar file:/home/rick/.m2/repository/org/glassfish
 /jaxb/txw2/4.0.5/txw2-4.0.5.jar file:/home/rick/.m2/repository/com/sun/
 istack/istack-commons-runtime/4.1.2/istack-commons-runtime-4.1.2.jar fi
 le:/home/rick/.m2/repository/org/glassfish/jaxb/jaxb-xjc/4.0.5/jaxb-xjc
 -4.0.5.jar file:/home/rick/.m2/repository/com/sun/xml/bind/external/rng
 om/4.0.5/rngom-4.0.5.jar file:/home/rick/.m2/repository/com/sun/xml/dtd
 -parser/dtd-parser/1.5.1/dtd-parser-1.5.1.jar file:/home/rick/.m2/repos
 itory/com/sun/istack/istack-commons-tools/4.1.2/istack-commons-tools-4.
 1.2.jar file:/home/rick/.m2/repository/org/glassfish/jaxb/codemodel/4.0
 .5/codemodel-4.0.5.jar file:/home/rick/.m2/repository/org/glassfish/jax
 b/xsom/4.0.5/xsom-4.0.5.jar file:/home/rick/.m2/repository/com/sun/xml/
 bind/external/relaxng-datatype/4.0.5/relaxng-datatype-4.0.5.jar file:/h
 ome/rick/.m2/repository/org/slf4j/slf4j-api/2.0.12/slf4j-api-2.0.12.jar
  file:/home/rick/.m2/repository/org/slf4j/slf4j-simple/2.0.12/slf4j-sim
 ple-2.0.12.jar file:/home/rick/.m2/repository/org/slf4j/jcl-over-slf4j/
 2.0.12/jcl-over-slf4j-2.0.12.jar file:/home/rick/.m2/repository/org/slf
 4j/jul-to-slf4j/2.0.12/jul-to-slf4j-2.0.12.jar file:/home/rick/.m2/repo
 sitory/org/sonatype/plexus/plexus-build-api/0.0.7/plexus-build-api-0.0.
 7.jar file:/home/rick/.m2/repository/org/codehaus/plexus/plexus-utils/1
 .5.8/plexus-utils-1.5.8.jar file:/home/rick/.m2/repository/org/codehaus
 /plexus/plexus-archiver/4.9.1/plexus-archiver-4.9.1.jar file:/home/rick
 /.m2/repository/javax/inject/javax.inject/1/javax.inject-1.jar file:/ho
 me/rick/.m2/repository/org/codehaus/plexus/plexus-io/3.4.1/plexus-io-3.
 4.1.jar file:/home/rick/.m2/repository/org/apache/commons/commons-compr
 ess/1.25.0/commons-compress-1.25.0.jar file:/home/rick/.m2/repository/o
 rg/iq80/snappy/snappy/0.4/snappy-0.4.jar file:/home/rick/.m2/repository
 /org/tukaani/xz/1.9/xz-1.9.jar file:/home/rick/.m2/repository/com/githu
 b/luben/zstd-jni/1.5.5-11/zstd-jni-1.5.5-11.jar file:/home/rick/.m2/rep
 ository/xml-resolver/xml-resolver/1.2/xml-resolver-1.2.jar file:/home/r
 ick/.m2/repository/org/javassist/javassist/3.30.2-GA/javassist-3.30.2-G
 A.jar file:/home/rick/.m2/repository/jakarta/annotation/jakarta.annotat
 ion-api/2.1.1/jakarta.annotation-api-2.1.1.jar file:/home/rick/.m2/repo
 sitory/jakarta/xml/ws/jakarta.xml.ws-api/3.0.1/jakarta.xml.ws-api-3.0.1
 .jar file:/home/rick/.m2/repository/jakarta/xml/soap/jakarta.xml.soap-a
 pi/2.0.1/jakarta.xml.soap-api-2.0.1.jar file:/home/rick/.m2/repository/
 com/sun/activation/jakarta.activation/2.0.1/jakarta.activation-2.0.1.ja
 r file:/home/rick/.m2/repository/jakarta/jws/jakarta.jws-api/3.0.0/jaka
 rta.jws-api-3.0.0.jar file:/home/rick/.m2/repository/jakarta/activation
 /jakarta.activation-api/2.1.3/jakarta.activation-api-2.1.3.jar
Main-Class: org.apache.cxf.maven_plugin.XSDToJavaRunner


[INFO] Building jar: /tmp/cxf-xjc-plugin14041089310099163060.jar
[DEBUG] [main] INFO org.jvnet.basicjaxb.plugin.fixedvalue.FixedValuePlugin - XJC> XfixedValue: : Start
[DEBUG] Parameters
[DEBUG]   Verbose.: true
[DEBUG]   Debug...: false
[DEBUG] [main] INFO org.jvnet.basicjaxb.plugin.fixedvalue.FixedValuePlugin - XJC> XfixedValue: : Finish
[DEBUG] Results
[DEBUG]   HadError.: false
[DEBUG] [main] INFO org.jvnet.basicjaxb.plugin.hashcode.HashCodePlugin - XJC> XhashCode: : Start
[DEBUG] Parameters
[DEBUG]   HashCodeStrategyClass.: org.jvnet.basicjaxb.lang.JAXBHashCodeStrategy
[DEBUG]   Verbose...............: true
[DEBUG]   Debug.................: false
[DEBUG] [main] INFO org.jvnet.basicjaxb.plugin.hashcode.HashCodePlugin - XJC> XhashCode: : Finish
[DEBUG] Results
[DEBUG]   HadError.: false
[DEBUG] [main] INFO org.jvnet.basicjaxb.plugin.equals.EqualsPlugin - XJC> Xequals: : Start
[DEBUG] Parameters
[DEBUG]   EqualsStrategyClass.: org.jvnet.basicjaxb.lang.JAXBEqualsStrategy
[DEBUG]   Verbose.............: true
[DEBUG]   Debug...............: false
[DEBUG] [main] INFO org.jvnet.basicjaxb.plugin.equals.EqualsPlugin - XJC> Xequals: : Finish
[DEBUG] Results
[DEBUG]   HadError.: false
[DEBUG] [main] INFO org.jvnet.basicjaxb.plugin.tostring.ToStringPlugin - XJC> XtoString: : Start
[DEBUG] Parameters
[DEBUG]   ToStringStrategyClass.: org.jvnet.basicjaxb.lang.JAXBToStringStrategy
[DEBUG]   Verbose...............: true
[DEBUG]   Debug.................: false
[DEBUG] [main] INFO org.jvnet.basicjaxb.plugin.tostring.ToStringPlugin - XJC> XtoString: : Finish
[DEBUG] Results
[DEBUG]   HadError.: false
[DEBUG] [main] INFO org.jvnet.basicjaxb.plugin.copyable.CopyablePlugin - XJC> Xcopyable: : Start
[DEBUG] Parameters
[DEBUG]   CopyStrategyClass.: org.jvnet.basicjaxb.lang.JAXBCopyStrategy
[DEBUG]   Verbose...........: true
[DEBUG]   Debug.............: false
[DEBUG] [main] INFO org.jvnet.basicjaxb.plugin.copyable.CopyablePlugin - XJC> Xcopyable: : Finish
[DEBUG] Results
[DEBUG]   HadError.: false
[DEBUG] [main] INFO org.jvnet.basicjaxb.plugin.fluentapi.FluentApiPlugin - XJC> XfluentAPI: : Start
[DEBUG] Parameters
[DEBUG]   FluentMethodPrefix....: use
[DEBUG]   EnforceTypeSafety.....: true
[DEBUG]   OverrideFluentMethods.: true
[DEBUG]   Verbose...............: true
[DEBUG]   Debug.................: false
[DEBUG] [main] INFO org.jvnet.basicjaxb.plugin.fluentapi.FluentApiPlugin - XJC> XfluentAPI: : Finish
[DEBUG] Results
[DEBUG]   HadError.: false
[INFO] 
[INFO] --- resources:3.3.1:resources (default-resources) @ hisrc-basicjaxb-sample-cxf-xjc-po ---
[INFO] Copying 2 resources from src/main/resources to target/classes
[INFO] 
[INFO] --- compiler:3.11.0:compile (default-compile) @ hisrc-basicjaxb-sample-cxf-xjc-po ---
[INFO] Changes detected - recompiling the module! :source
[INFO] Compiling 9 source files with javac [debug release 11] to target/classes
[INFO] 
[INFO] --- resources:3.3.1:testResources (default-testResources) @ hisrc-basicjaxb-sample-cxf-xjc-po ---
[INFO] Copying 3 resources from src/test/resources to target/test-classes
[INFO] 
[INFO] --- compiler:3.11.0:testCompile (default-testCompile) @ hisrc-basicjaxb-sample-cxf-xjc-po ---
[INFO] Changes detected - recompiling the module! :dependency
[INFO] Compiling 4 source files with javac [debug release 11] to target/test-classes
[INFO] 
[INFO] --- surefire:3.1.2:test (default-test) @ hisrc-basicjaxb-sample-cxf-xjc-po ---
[INFO] Using auto detected provider org.apache.maven.surefire.junitplatform.JUnitPlatformProvider
[INFO] 
[INFO] -------------------------------------------------------
[INFO]  T E S T S
[INFO] -------------------------------------------------------
[INFO] Running org.example.po.EqualsTest
15:09:33:522 INFO Testing sample, SUCCESS [po.xml].
[INFO] Tests run: 1, Failures: 0, Errors: 0, Skipped: 0, Time elapsed: 0.290 s -- in org.example.po.EqualsTest
[INFO] Running org.example.po.FluentAPITest
15:09:33:567 INFO Testing sample, SUCCESS [po.xml].
[INFO] Tests run: 1, Failures: 0, Errors: 0, Skipped: 0, Time elapsed: 0.027 s -- in org.example.po.FluentAPITest
[INFO] Running org.example.po.ToStringTest
15:09:33:591 INFO PurchaseOrder: 1999-05-20

PurchaseOrder@7c51f34b[USAddress@5495333e[Alice Smith, 123 Maple Street, Mill Valley, CA, 90952], USAddress@2a225dd7[Robert Smith, 8 Oak Avenue, Old Town, PA, 95819], Hurry, my lawn is going wild!, Items@61eaec38[<size=2>], Payments@125290e5[<size=3>], <size=2>, 1999-05-20, false]

15:09:33:592 INFO Testing sample, SUCCESS [po.xml].
[INFO] Tests run: 1, Failures: 0, Errors: 0, Skipped: 0, Time elapsed: 0.020 s -- in org.example.po.ToStringTest
[INFO] Running org.example.po.CopyableTest
15:09:33:615 INFO Testing sample, SUCCESS [po.xml].
[INFO] Tests run: 1, Failures: 0, Errors: 0, Skipped: 0, Time elapsed: 0.020 s -- in org.example.po.CopyableTest
[INFO] 
[INFO] Results:
[INFO] 
[INFO] Tests run: 4, Failures: 0, Errors: 0, Skipped: 0
[INFO] 
[INFO] ------------------------------------------------------------------------
[INFO] BUILD SUCCESS
[INFO] ------------------------------------------------------------------------
[INFO] Total time:  4.361 s
[INFO] Finished at: 2024-04-19T15:09:33-04:00
[INFO] ------------------------------------------------------------------------
