[INFO] Scanning for projects...
[INFO] 
[INFO] -------< org.patrodyne.jvnet:hisrc-basicjaxb-sample-cxf-xjc-msi >-------
[INFO] Building HiSrc BasicJAXB - Sample [cxf-xjc-msi] 2.2.1
[INFO]   from pom.xml
[INFO] --------------------------------[ jar ]---------------------------------
[INFO] 
[INFO] --- clean:3.2.0:clean (default-clean) @ hisrc-basicjaxb-sample-cxf-xjc-msi ---
[INFO] Deleting hisrc-basicjaxb-sample-cxf-xjc-msi-2.2.1/target
[INFO] 
[INFO] --- cxf-xjc:4.0.1:xsdtojava (generate-sources) @ hisrc-basicjaxb-sample-cxf-xjc-msi ---
[DEBUG] Manifest: Manifest-Version: 1.0
Class-Path: /home/rick/dev/work/repos/jvnet/hisrc-basicjaxb/higher/assem
 bly/samples/cxf-xjc/cxf-xjc-msi/target/hisrc-basicjaxb-sample-cxf-xjc-m
 si-2.2.1/target/classes file:/home/rick/.m2/repository/org/patrodyne/jv
 net/hisrc-basicjaxb-runtime/2.2.1/hisrc-basicjaxb-runtime-2.2.1.jar fil
 e:/home/rick/.m2/repository/jakarta/activation/jakarta.activation-api/2
 .1.3/jakarta.activation-api-2.1.3.jar file:/home/rick/.m2/repository/ja
 karta/xml/bind/jakarta.xml.bind-api/4.0.2/jakarta.xml.bind-api-4.0.2.ja
 r file:/home/rick/.m2/repository/org/glassfish/jaxb/jaxb-runtime/4.0.5/
 jaxb-runtime-4.0.5.jar file:/home/rick/.m2/repository/org/glassfish/jax
 b/jaxb-core/4.0.5/jaxb-core-4.0.5.jar file:/home/rick/.m2/repository/or
 g/glassfish/jaxb/txw2/4.0.5/txw2-4.0.5.jar file:/home/rick/.m2/reposito
 ry/com/sun/istack/istack-commons-runtime/4.1.2/istack-commons-runtime-4
 .1.2.jar file:/home/rick/.m2/repository/commons-io/commons-io/2.16.0/co
 mmons-io-2.16.0.jar file:/home/rick/.m2/repository/org/slf4j/slf4j-api/
 2.0.12/slf4j-api-2.0.12.jar file:/home/rick/.m2/repository/org/apache/c
 xf/cxf-xjc-plugin/4.0.1/cxf-xjc-plugin-4.0.1.jar file:/home/rick/.m2/re
 pository/commons-io/commons-io/2.16.0/commons-io-2.16.0.jar file:/home/
 rick/.m2/repository/org/glassfish/jaxb/jaxb-core/4.0.5/jaxb-core-4.0.5.
 jar file:/home/rick/.m2/repository/org/eclipse/angus/angus-activation/2
 .0.2/angus-activation-2.0.2.jar file:/home/rick/.m2/repository/org/glas
 sfish/jaxb/txw2/4.0.5/txw2-4.0.5.jar file:/home/rick/.m2/repository/com
 /sun/istack/istack-commons-runtime/4.1.2/istack-commons-runtime-4.1.2.j
 ar file:/home/rick/.m2/repository/org/slf4j/slf4j-simple/2.0.12/slf4j-s
 imple-2.0.12.jar file:/home/rick/.m2/repository/org/slf4j/slf4j-api/2.0
 .12/slf4j-api-2.0.12.jar file:/home/rick/.m2/repository/org/slf4j/jcl-o
 ver-slf4j/2.0.12/jcl-over-slf4j-2.0.12.jar file:/home/rick/.m2/reposito
 ry/org/slf4j/jul-to-slf4j/2.0.12/jul-to-slf4j-2.0.12.jar file:/home/ric
 k/.m2/repository/org/sonatype/plexus/plexus-build-api/0.0.7/plexus-buil
 d-api-0.0.7.jar file:/home/rick/.m2/repository/org/codehaus/plexus/plex
 us-utils/1.5.8/plexus-utils-1.5.8.jar file:/home/rick/.m2/repository/or
 g/codehaus/plexus/plexus-archiver/4.9.1/plexus-archiver-4.9.1.jar file:
 /home/rick/.m2/repository/javax/inject/javax.inject/1/javax.inject-1.ja
 r file:/home/rick/.m2/repository/org/codehaus/plexus/plexus-io/3.4.1/pl
 exus-io-3.4.1.jar file:/home/rick/.m2/repository/org/apache/commons/com
 mons-compress/1.25.0/commons-compress-1.25.0.jar file:/home/rick/.m2/re
 pository/org/iq80/snappy/snappy/0.4/snappy-0.4.jar file:/home/rick/.m2/
 repository/org/tukaani/xz/1.9/xz-1.9.jar file:/home/rick/.m2/repository
 /com/github/luben/zstd-jni/1.5.5-11/zstd-jni-1.5.5-11.jar file:/home/ri
 ck/.m2/repository/jakarta/xml/bind/jakarta.xml.bind-api/3.0.1/jakarta.x
 ml.bind-api-3.0.1.jar file:/home/rick/.m2/repository/com/sun/activation
 /jakarta.activation/2.0.1/jakarta.activation-2.0.1.jar file:/home/rick/
 .m2/repository/org/glassfish/jaxb/jaxb-xjc/3.0.2/jaxb-xjc-3.0.2.jar fil
 e:/home/rick/.m2/repository/org/glassfish/jaxb/xsom/3.0.2/xsom-3.0.2.ja
 r file:/home/rick/.m2/repository/com/sun/xml/bind/external/relaxng-data
 type/3.0.2/relaxng-datatype-3.0.2.jar file:/home/rick/.m2/repository/or
 g/glassfish/jaxb/codemodel/3.0.2/codemodel-3.0.2.jar file:/home/rick/.m
 2/repository/com/sun/xml/bind/external/rngom/3.0.2/rngom-3.0.2.jar file
 :/home/rick/.m2/repository/com/sun/xml/dtd-parser/dtd-parser/1.4.5/dtd-
 parser-1.4.5.jar file:/home/rick/.m2/repository/com/sun/istack/istack-c
 ommons-tools/4.0.1/istack-commons-tools-4.0.1.jar file:/home/rick/.m2/r
 epository/org/glassfish/jaxb/jaxb-runtime/3.0.2/jaxb-runtime-3.0.2.jar 
 file:/home/rick/.m2/repository/xml-resolver/xml-resolver/1.2/xml-resolv
 er-1.2.jar file:/home/rick/.m2/repository/org/javassist/javassist/3.30.
 2-GA/javassist-3.30.2-GA.jar file:/home/rick/.m2/repository/jakarta/ann
 otation/jakarta.annotation-api/2.1.1/jakarta.annotation-api-2.1.1.jar f
 ile:/home/rick/.m2/repository/jakarta/xml/ws/jakarta.xml.ws-api/3.0.1/j
 akarta.xml.ws-api-3.0.1.jar file:/home/rick/.m2/repository/jakarta/xml/
 soap/jakarta.xml.soap-api/2.0.1/jakarta.xml.soap-api-2.0.1.jar file:/ho
 me/rick/.m2/repository/jakarta/jws/jakarta.jws-api/3.0.0/jakarta.jws-ap
 i-3.0.0.jar file:/home/rick/.m2/repository/jakarta/activation/jakarta.a
 ctivation-api/2.1.3/jakarta.activation-api-2.1.3.jar
Main-Class: org.apache.cxf.maven_plugin.XSDToJavaRunner


[INFO] Building jar: /tmp/cxf-xjc-plugin18028192460061390128.jar
[DEBUG] [main] INFO org.jvnet.basicjaxb.plugin.hashcode.HashCodePlugin - XJC> XhashCode: : Start
[DEBUG] Parameters
[DEBUG]   HashCodeStrategyClass.: org.jvnet.basicjaxb.lang.JAXBHashCodeStrategy
[DEBUG]   Verbose...............: true
[DEBUG]   Debug.................: false
[DEBUG] [main] INFO org.jvnet.basicjaxb.plugin.hashcode.HashCodePlugin - XJC> XhashCode: : Finish
[DEBUG] Results
[DEBUG]   HadError.: false
[DEBUG] [main] INFO org.jvnet.basicjaxb.plugin.equals.EqualsPlugin - XJC> Xequals: : Start
[DEBUG] Parameters
[DEBUG]   EqualsStrategyClass.: org.jvnet.basicjaxb.lang.JAXBEqualsStrategy
[DEBUG]   Verbose.............: true
[DEBUG]   Debug...............: false
[DEBUG] [main] INFO org.jvnet.basicjaxb.plugin.equals.EqualsPlugin - XJC> Xequals: : Finish
[DEBUG] Results
[DEBUG]   HadError.: false
[DEBUG] [main] INFO org.jvnet.basicjaxb.plugin.tostring.ToStringPlugin - XJC> XtoString: : Start
[DEBUG] Parameters
[DEBUG]   ToStringStrategyClass.: org.jvnet.basicjaxb.lang.JAXBToStringStrategy
[DEBUG]   Verbose...............: true
[DEBUG]   Debug.................: false
[DEBUG] [main] INFO org.jvnet.basicjaxb.plugin.tostring.ToStringPlugin - XJC> XtoString: : Finish
[DEBUG] Results
[DEBUG]   HadError.: false
[DEBUG] [main] INFO org.jvnet.basicjaxb.plugin.fluentapi.FluentApiPlugin - XJC> XfluentAPI: : Start
[DEBUG] Parameters
[DEBUG]   FluentMethodPrefix....: use
[DEBUG]   EnforceTypeSafety.....: true
[DEBUG]   OverrideFluentMethods.: true
[DEBUG]   Verbose...............: true
[DEBUG]   Debug.................: false
[DEBUG] [main] INFO org.jvnet.basicjaxb.plugin.fluentapi.FluentApiPlugin - XJC> XfluentAPI: : Finish
[DEBUG] Results
[DEBUG]   HadError.: false
[INFO] 
[INFO] --- resources:3.3.1:resources (default-resources) @ hisrc-basicjaxb-sample-cxf-xjc-msi ---
[INFO] Copying 2 resources from src/main/resources to target/classes
[INFO] 
[INFO] --- compiler:3.11.0:compile (default-compile) @ hisrc-basicjaxb-sample-cxf-xjc-msi ---
[INFO] Changes detected - recompiling the module! :source
[INFO] Compiling 4 source files with javac [debug release 11] to target/classes
[INFO] 
[INFO] --- resources:3.3.1:testResources (default-testResources) @ hisrc-basicjaxb-sample-cxf-xjc-msi ---
[INFO] Copying 3 resources from src/test/resources to target/test-classes
[INFO] 
[INFO] --- compiler:3.11.0:testCompile (default-testCompile) @ hisrc-basicjaxb-sample-cxf-xjc-msi ---
[INFO] Changes detected - recompiling the module! :dependency
[INFO] Compiling 4 source files with javac [debug release 11] to target/test-classes
[INFO] 
[INFO] --- surefire:3.1.2:test (default-test) @ hisrc-basicjaxb-sample-cxf-xjc-msi ---
[INFO] Using auto detected provider org.apache.maven.surefire.junitplatform.JUnitPlatformProvider
[INFO] 
[INFO] -------------------------------------------------------
[INFO]  T E S T S
[INFO] -------------------------------------------------------
[INFO] Running org.example.msi.EqualsTest
12:32:20:889 DEBUG Testing samples, start
12:32:20:895 DEBUG Sample directory [hisrc-basicjaxb-sample-cxf-xjc-msi-2.2.1/src/test/samples].
12:32:20:910 DEBUG Testing sample, start [msi.xml].
12:32:21:052 INFO Testing sample, SUCCESS [msi.xml].
12:32:21:052 DEBUG Testing samples, finish
[INFO] Tests run: 1, Failures: 0, Errors: 0, Skipped: 0, Time elapsed: 0.261 s -- in org.example.msi.EqualsTest
[INFO] Running org.example.msi.FluentAPITest
12:32:21:072 DEBUG Testing samples, start
12:32:21:072 DEBUG Sample directory [hisrc-basicjaxb-sample-cxf-xjc-msi-2.2.1/src/test/samples].
12:32:21:073 DEBUG Testing sample, start [msi.xml].
12:32:21:076 DEBUG MSI1: Message@6ca18a14[PASS, 1001]
12:32:21:078 DEBUG MSI2: Message@c667f46[PASS, 1001]
12:32:21:079 INFO Testing sample, SUCCESS [msi.xml].
12:32:21:079 DEBUG Testing samples, finish
[INFO] Tests run: 1, Failures: 0, Errors: 0, Skipped: 0, Time elapsed: 0.010 s -- in org.example.msi.FluentAPITest
[INFO] Running org.example.msi.ToStringTest
12:32:21:086 DEBUG Testing samples, start
12:32:21:087 DEBUG Sample directory [hisrc-basicjaxb-sample-cxf-xjc-msi-2.2.1/src/test/samples].
12:32:21:087 DEBUG Testing sample, start [msi.xml].
12:32:21:095 INFO Message: 1001

Message@928763c[PASS, 1001]

12:32:21:095 INFO Testing sample, SUCCESS [msi.xml].
12:32:21:096 DEBUG Testing samples, finish
[INFO] Tests run: 1, Failures: 0, Errors: 0, Skipped: 0, Time elapsed: 0.013 s -- in org.example.msi.ToStringTest
[INFO] 
[INFO] Results:
[INFO] 
[INFO] Tests run: 3, Failures: 0, Errors: 0, Skipped: 0
[INFO] 
[INFO] ------------------------------------------------------------------------
[INFO] BUILD SUCCESS
[INFO] ------------------------------------------------------------------------
[INFO] Total time:  3.705 s
[INFO] Finished at: 2024-04-23T12:32:21-04:00
[INFO] ------------------------------------------------------------------------
